<?xml version="1.0" encoding="UTF-8"?>
<!-- Generated by org.testng.reporters.JUnitXMLReporter -->
<testsuite ignored="0" hostname="BALUs-MacBook-Pro-2.local" failures="0" tests="9" name="Default test" time="2.413" errors="0" timestamp="2022-10-03T18:58:21 BST">
  <testcase classname="com.application.test.ApplicationTest" name="loginIntoApp" time="0.016"/>
  <testcase classname="com.application.test.ApplicationTest" name="loginIntoApp" time="0.002"/>
  <testcase classname="com.application.test.ApplicationTest" name="loginIntoApp" time="0.002"/>
  <testcase classname="com.application.test.ApplicationTest" name="loginIntoApp" time="0.046"/>
  <testcase classname="com.application.test.ApplicationTest" name="loginIntoApp" time="0.005"/>
  <testcase classname="com.application.test.ApplicationTest" name="loginIntoApp" time="0.007"/>
  <testcase classname="com.application.test.ApplicationTest" name="loginIntoApp" time="0.007"/>
  <testcase classname="com.application.test.ApplicationTest" name="loginIntoApp" time="0.003"/>
  <testcase classname="com.application.test.ApplicationTest" name="loginIntoApp" time="0.002"/>
</testsuite> <!-- Default test -->
